<?xml version="1.0" encoding="UTF-8"?>
<coverage generated="1702225556747" clover="3.2.0">
  <project timestamp="1702225556747" name="All files">
    <metrics statements="38" coveredstatements="20" conditionals="42" coveredconditionals="18" methods="8" coveredmethods="6" elements="88" coveredelements="44" complexity="0" loc="38" ncloc="38" packages="2" files="7" classes="7"/>
    <package name="src">
      <metrics statements="5" coveredstatements="3" conditionals="6" coveredconditionals="2" methods="3" coveredmethods="2"/>
      <file name="add.js" path="/Users/owengossen/Desktop/School/COMP/COMP.SE.200/COMP.SE.200-2023-2024-2/src/add.js">
        <metrics statements="1" coveredstatements="1" conditionals="0" coveredconditionals="0" methods="1" coveredmethods="1"/>
        <line num="16" count="6" type="stmt"/>
      </file>
      <file name="castArray.js" path="/Users/owengossen/Desktop/School/COMP/COMP.SE.200/COMP.SE.200-2023-2024-2/src/castArray.js">
        <metrics statements="2" coveredstatements="2" conditionals="2" coveredconditionals="2" methods="1" coveredmethods="1"/>
        <line num="34" count="7" type="stmt"/>
        <line num="35" count="7" type="cond" truecount="2" falsecount="0"/>
      </file>
      <file name="isSymbol.js" path="/Users/owengossen/Desktop/School/COMP/COMP.SE.200/COMP.SE.200-2023-2024-2/src/isSymbol.js">
        <metrics statements="2" coveredstatements="0" conditionals="4" coveredconditionals="0" methods="1" coveredmethods="0"/>
        <line num="19" count="0" type="stmt"/>
        <line num="20" count="0" type="cond" truecount="0" falsecount="4"/>
      </file>
    </package>
    <package name="src..internal">
      <metrics statements="33" coveredstatements="17" conditionals="36" coveredconditionals="16" methods="5" coveredmethods="4"/>
      <file name="baseToNumber.js" path="/Users/owengossen/Desktop/School/COMP/COMP.SE.200/COMP.SE.200-2023-2024-2/src/.internal/baseToNumber.js">
        <metrics statements="6" coveredstatements="3" conditionals="4" coveredconditionals="1" methods="1" coveredmethods="1"/>
        <line num="4" count="1" type="stmt"/>
        <line num="15" count="12" type="cond" truecount="1" falsecount="1"/>
        <line num="16" count="12" type="stmt"/>
        <line num="18" count="0" type="cond" truecount="0" falsecount="2"/>
        <line num="19" count="0" type="stmt"/>
        <line num="21" count="0" type="stmt"/>
      </file>
      <file name="baseToString.js" path="/Users/owengossen/Desktop/School/COMP/COMP.SE.200/COMP.SE.200-2023-2024-2/src/.internal/baseToString.js">
        <metrics statements="10" coveredstatements="2" conditionals="12" coveredconditionals="0" methods="1" coveredmethods="0"/>
        <line num="4" count="1" type="stmt"/>
        <line num="7" count="1" type="stmt"/>
        <line num="19" count="0" type="cond" truecount="0" falsecount="2"/>
        <line num="20" count="0" type="stmt"/>
        <line num="22" count="0" type="cond" truecount="0" falsecount="2"/>
        <line num="24" count="0" type="stmt"/>
        <line num="26" count="0" type="cond" truecount="0" falsecount="2"/>
        <line num="27" count="0" type="cond" truecount="0" falsecount="2"/>
        <line num="29" count="0" type="stmt"/>
        <line num="30" count="0" type="cond" truecount="0" falsecount="4"/>
      </file>
      <file name="createMathOperation.js" path="/Users/owengossen/Desktop/School/COMP/COMP.SE.200/COMP.SE.200-2023-2024-2/src/.internal/createMathOperation.js">
        <metrics statements="13" coveredstatements="8" conditionals="16" coveredconditionals="11" methods="2" coveredmethods="2"/>
        <line num="13" count="1" type="stmt"/>
        <line num="14" count="6" type="cond" truecount="2" falsecount="2"/>
        <line num="15" count="0" type="stmt"/>
        <line num="17" count="6" type="cond" truecount="3" falsecount="1"/>
        <line num="18" count="0" type="stmt"/>
        <line num="20" count="6" type="cond" truecount="3" falsecount="1"/>
        <line num="21" count="0" type="stmt"/>
        <line num="23" count="6" type="cond" truecount="3" falsecount="1"/>
        <line num="24" count="0" type="stmt"/>
        <line num="25" count="0" type="stmt"/>
        <line num="28" count="6" type="stmt"/>
        <line num="29" count="6" type="stmt"/>
        <line num="31" count="6" type="stmt"/>
      </file>
      <file name="getTag.js" path="/Users/owengossen/Desktop/School/COMP/COMP.SE.200/COMP.SE.200-2023-2024-2/src/.internal/getTag.js">
        <metrics statements="4" coveredstatements="4" conditionals="4" coveredconditionals="4" methods="1" coveredmethods="1"/>
        <line num="1" count="2" type="stmt"/>
        <line num="11" count="4" type="cond" truecount="2" falsecount="0"/>
        <line num="12" count="2" type="cond" truecount="2" falsecount="0"/>
        <line num="14" count="2" type="stmt"/>
      </file>
    </package>
  </project>
</coverage>
