{"/Users/owengossen/Desktop/School/COMP/COMP.SE.200/COMP.SE.200-2023-2024-2/src/camelCase.js": {"path":"/Users/owengossen/Desktop/School/COMP/COMP.SE.200/COMP.SE.200-2023-2024-2/src/camelCase.js","statementMap":{"0":{"start":{"line":24,"column":18},"end":{"line":29,"column":1}},"1":{"start":{"line":25,"column":2},"end":{"line":28,"column":9}},"2":{"start":{"line":26,"column":4},"end":{"line":26,"column":29}},"3":{"start":{"line":27,"column":4},"end":{"line":27,"column":53}}},"fnMap":{"0":{"name":"(anonymous_0)","decl":{"start":{"line":24,"column":18},"end":{"line":24,"column":19}},"loc":{"start":{"line":25,"column":2},"end":{"line":28,"column":9}},"line":25},"1":{"name":"(anonymous_1)","decl":{"start":{"line":25,"column":59},"end":{"line":25,"column":60}},"loc":{"start":{"line":25,"column":84},"end":{"line":28,"column":3}},"line":25}},"branchMap":{"0":{"loc":{"start":{"line":27,"column":21},"end":{"line":27,"column":52}},"type":"cond-expr","locations":[{"start":{"line":27,"column":29},"end":{"line":27,"column":45}},{"start":{"line":27,"column":48},"end":{"line":27,"column":52}}],"line":27}},"s":{"0":1,"1":10,"2":22,"3":22},"f":{"0":10,"1":22},"b":{"0":[12,10]},"_coverageSchema":"1a1c01bbd47fc00a2c39e90264f33305004495a9","hash":"f2a61b7c90a62dd4781f30bc373ed5b7c01f9f4a"}
,"/Users/owengossen/Desktop/School/COMP/COMP.SE.200/COMP.SE.200-2023-2024-2/src/castArray.js": {"path":"/Users/owengossen/Desktop/School/COMP/COMP.SE.200/COMP.SE.200-2023-2024-2/src/castArray.js","statementMap":{"0":{"start":{"line":34,"column":16},"end":{"line":34,"column":23}},"1":{"start":{"line":35,"column":2},"end":{"line":35,"column":47}}},"fnMap":{"0":{"name":"castArray","decl":{"start":{"line":33,"column":9},"end":{"line":33,"column":18}},"loc":{"start":{"line":33,"column":28},"end":{"line":36,"column":1}},"line":33}},"branchMap":{"0":{"loc":{"start":{"line":35,"column":9},"end":{"line":35,"column":47}},"type":"cond-expr","locations":[{"start":{"line":35,"column":32},"end":{"line":35,"column":37}},{"start":{"line":35,"column":40},"end":{"line":35,"column":47}}],"line":35}},"s":{"0":7,"1":7},"f":{"0":7},"b":{"0":[1,6]},"_coverageSchema":"1a1c01bbd47fc00a2c39e90264f33305004495a9","hash":"cb92540a1b80c73801f0dc84690ea5c114d3a0eb"}
,"/Users/owengossen/Desktop/School/COMP/COMP.SE.200/COMP.SE.200-2023-2024-2/src/get.js": {"path":"/Users/owengossen/Desktop/School/COMP/COMP.SE.200/COMP.SE.200-2023-2024-2/src/get.js","statementMap":{"0":{"start":{"line":28,"column":17},"end":{"line":28,"column":67}},"1":{"start":{"line":29,"column":2},"end":{"line":29,"column":53}}},"fnMap":{"0":{"name":"get","decl":{"start":{"line":27,"column":9},"end":{"line":27,"column":12}},"loc":{"start":{"line":27,"column":41},"end":{"line":30,"column":1}},"line":27}},"branchMap":{"0":{"loc":{"start":{"line":28,"column":17},"end":{"line":28,"column":67}},"type":"cond-expr","locations":[{"start":{"line":28,"column":34},"end":{"line":28,"column":43}},{"start":{"line":28,"column":46},"end":{"line":28,"column":67}}],"line":28},"1":{"loc":{"start":{"line":29,"column":9},"end":{"line":29,"column":53}},"type":"cond-expr","locations":[{"start":{"line":29,"column":32},"end":{"line":29,"column":44}},{"start":{"line":29,"column":47},"end":{"line":29,"column":53}}],"line":29}},"s":{"0":9,"1":9},"f":{"0":9},"b":{"0":[4,5],"1":[6,3]},"_coverageSchema":"1a1c01bbd47fc00a2c39e90264f33305004495a9","hash":"4774071b5176f3a61695aecaa8018ad53dce862c"}
,"/Users/owengossen/Desktop/School/COMP/COMP.SE.200/COMP.SE.200-2023-2024-2/src/isLength.js": {"path":"/Users/owengossen/Desktop/School/COMP/COMP.SE.200/COMP.SE.200-2023-2024-2/src/isLength.js","statementMap":{"0":{"start":{"line":2,"column":25},"end":{"line":2,"column":41}},"1":{"start":{"line":29,"column":2},"end":{"line":30,"column":61}}},"fnMap":{"0":{"name":"isLength","decl":{"start":{"line":28,"column":9},"end":{"line":28,"column":17}},"loc":{"start":{"line":28,"column":25},"end":{"line":31,"column":1}},"line":28}},"branchMap":{"0":{"loc":{"start":{"line":29,"column":9},"end":{"line":30,"column":61}},"type":"binary-expr","locations":[{"start":{"line":29,"column":9},"end":{"line":29,"column":34}},{"start":{"line":30,"column":4},"end":{"line":30,"column":14}},{"start":{"line":30,"column":18},"end":{"line":30,"column":32}},{"start":{"line":30,"column":36},"end":{"line":30,"column":61}}],"line":29}},"s":{"0":1,"1":18},"f":{"0":18},"b":{"0":[18,9,7,4]},"_coverageSchema":"1a1c01bbd47fc00a2c39e90264f33305004495a9","hash":"e186397756df55da0774c00e14a5e0f3f348bd1d"}
,"/Users/owengossen/Desktop/School/COMP/COMP.SE.200/COMP.SE.200-2023-2024-2/src/isSymbol.js": {"path":"/Users/owengossen/Desktop/School/COMP/COMP.SE.200/COMP.SE.200-2023-2024-2/src/isSymbol.js","statementMap":{"0":{"start":{"line":19,"column":15},"end":{"line":19,"column":27}},"1":{"start":{"line":20,"column":2},"end":{"line":20,"column":103}}},"fnMap":{"0":{"name":"isSymbol","decl":{"start":{"line":18,"column":9},"end":{"line":18,"column":17}},"loc":{"start":{"line":18,"column":25},"end":{"line":21,"column":1}},"line":18}},"branchMap":{"0":{"loc":{"start":{"line":20,"column":9},"end":{"line":20,"column":103}},"type":"binary-expr","locations":[{"start":{"line":20,"column":9},"end":{"line":20,"column":25}},{"start":{"line":20,"column":30},"end":{"line":20,"column":47}},{"start":{"line":20,"column":51},"end":{"line":20,"column":64}},{"start":{"line":20,"column":68},"end":{"line":20,"column":102}}],"line":20}},"s":{"0":21,"1":21},"f":{"0":21},"b":{"0":[21,20,2,1]},"_coverageSchema":"1a1c01bbd47fc00a2c39e90264f33305004495a9","hash":"3179b60e1a63592ef8eb7c25978531c6dd40cfb5"}
,"/Users/owengossen/Desktop/School/COMP/COMP.SE.200/COMP.SE.200-2023-2024-2/src/memoize.js": {"path":"/Users/owengossen/Desktop/School/COMP/COMP.SE.200/COMP.SE.200-2023-2024-2/src/memoize.js","statementMap":{"0":{"start":{"line":44,"column":2},"end":{"line":46,"column":3}},"1":{"start":{"line":45,"column":4},"end":{"line":45,"column":46}},"2":{"start":{"line":47,"column":19},"end":{"line":57,"column":3}},"3":{"start":{"line":48,"column":16},"end":{"line":48,"column":63}},"4":{"start":{"line":49,"column":18},"end":{"line":49,"column":32}},"5":{"start":{"line":51,"column":4},"end":{"line":53,"column":5}},"6":{"start":{"line":52,"column":6},"end":{"line":52,"column":27}},"7":{"start":{"line":54,"column":19},"end":{"line":54,"column":41}},"8":{"start":{"line":55,"column":4},"end":{"line":55,"column":52}},"9":{"start":{"line":56,"column":4},"end":{"line":56,"column":17}},"10":{"start":{"line":58,"column":2},"end":{"line":58,"column":45}},"11":{"start":{"line":59,"column":2},"end":{"line":59,"column":17}},"12":{"start":{"line":62,"column":0},"end":{"line":62,"column":19}}},"fnMap":{"0":{"name":"memoize","decl":{"start":{"line":43,"column":9},"end":{"line":43,"column":16}},"loc":{"start":{"line":43,"column":33},"end":{"line":60,"column":1}},"line":43},"1":{"name":"(anonymous_1)","decl":{"start":{"line":47,"column":19},"end":{"line":47,"column":20}},"loc":{"start":{"line":47,"column":37},"end":{"line":57,"column":3}},"line":47}},"branchMap":{"0":{"loc":{"start":{"line":44,"column":2},"end":{"line":46,"column":3}},"type":"if","locations":[{"start":{"line":44,"column":2},"end":{"line":46,"column":3}},{"start":{},"end":{}}],"line":44},"1":{"loc":{"start":{"line":44,"column":6},"end":{"line":44,"column":88}},"type":"binary-expr","locations":[{"start":{"line":44,"column":6},"end":{"line":44,"column":32}},{"start":{"line":44,"column":37},"end":{"line":44,"column":53}},{"start":{"line":44,"column":57},"end":{"line":44,"column":87}}],"line":44},"2":{"loc":{"start":{"line":48,"column":16},"end":{"line":48,"column":63}},"type":"cond-expr","locations":[{"start":{"line":48,"column":27},"end":{"line":48,"column":53}},{"start":{"line":48,"column":56},"end":{"line":48,"column":63}}],"line":48},"3":{"loc":{"start":{"line":51,"column":4},"end":{"line":53,"column":5}},"type":"if","locations":[{"start":{"line":51,"column":4},"end":{"line":53,"column":5}},{"start":{},"end":{}}],"line":51},"4":{"loc":{"start":{"line":55,"column":21},"end":{"line":55,"column":52}},"type":"binary-expr","locations":[{"start":{"line":55,"column":21},"end":{"line":55,"column":43}},{"start":{"line":55,"column":47},"end":{"line":55,"column":52}}],"line":55},"5":{"loc":{"start":{"line":58,"column":24},"end":{"line":58,"column":44}},"type":"binary-expr","locations":[{"start":{"line":58,"column":24},"end":{"line":58,"column":37}},{"start":{"line":58,"column":41},"end":{"line":58,"column":44}}],"line":58}},"s":{"0":1,"1":0,"2":1,"3":3,"4":3,"5":3,"6":1,"7":2,"8":2,"9":2,"10":1,"11":1,"12":1},"f":{"0":1,"1":3},"b":{"0":[0,1],"1":[1,1,1],"2":[3,0],"3":[1,2],"4":[2,0],"5":[1,0]},"_coverageSchema":"1a1c01bbd47fc00a2c39e90264f33305004495a9","hash":"08e5041bf1d1333a8bd4cb04768df108af86456a"}
,"/Users/owengossen/Desktop/School/COMP/COMP.SE.200/COMP.SE.200-2023-2024-2/src/slice.js": {"path":"/Users/owengossen/Desktop/School/COMP/COMP.SE.200/COMP.SE.200-2023-2024-2/src/slice.js","statementMap":{"0":{"start":{"line":22,"column":15},"end":{"line":22,"column":47}},"1":{"start":{"line":23,"column":2},"end":{"line":25,"column":3}},"2":{"start":{"line":24,"column":4},"end":{"line":24,"column":13}},"3":{"start":{"line":26,"column":2},"end":{"line":26,"column":35}},"4":{"start":{"line":27,"column":2},"end":{"line":27,"column":40}},"5":{"start":{"line":29,"column":2},"end":{"line":31,"column":3}},"6":{"start":{"line":30,"column":4},"end":{"line":30,"column":50}},"7":{"start":{"line":32,"column":2},"end":{"line":34,"column":3}},"8":{"start":{"line":33,"column":4},"end":{"line":33,"column":17}},"9":{"start":{"line":35,"column":2},"end":{"line":35,"column":50}},"10":{"start":{"line":36,"column":2},"end":{"line":36,"column":14}},"11":{"start":{"line":38,"column":14},"end":{"line":38,"column":16}},"12":{"start":{"line":39,"column":17},"end":{"line":39,"column":34}},"13":{"start":{"line":40,"column":2},"end":{"line":42,"column":3}},"14":{"start":{"line":41,"column":4},"end":{"line":41,"column":40}},"15":{"start":{"line":43,"column":2},"end":{"line":43,"column":15}}},"fnMap":{"0":{"name":"slice","decl":{"start":{"line":21,"column":9},"end":{"line":21,"column":14}},"loc":{"start":{"line":21,"column":34},"end":{"line":44,"column":1}},"line":21}},"branchMap":{"0":{"loc":{"start":{"line":22,"column":15},"end":{"line":22,"column":47}},"type":"cond-expr","locations":[{"start":{"line":22,"column":31},"end":{"line":22,"column":32}},{"start":{"line":22,"column":35},"end":{"line":22,"column":47}}],"line":22},"1":{"loc":{"start":{"line":23,"column":2},"end":{"line":25,"column":3}},"type":"if","locations":[{"start":{"line":23,"column":2},"end":{"line":25,"column":3}},{"start":{},"end":{}}],"line":23},"2":{"loc":{"start":{"line":26,"column":10},"end":{"line":26,"column":35}},"type":"cond-expr","locations":[{"start":{"line":26,"column":26},"end":{"line":26,"column":27}},{"start":{"line":26,"column":30},"end":{"line":26,"column":35}}],"line":26},"3":{"loc":{"start":{"line":27,"column":8},"end":{"line":27,"column":40}},"type":"cond-expr","locations":[{"start":{"line":27,"column":28},"end":{"line":27,"column":34}},{"start":{"line":27,"column":37},"end":{"line":27,"column":40}}],"line":27},"4":{"loc":{"start":{"line":29,"column":2},"end":{"line":31,"column":3}},"type":"if","locations":[{"start":{"line":29,"column":2},"end":{"line":31,"column":3}},{"start":{},"end":{}}],"line":29},"5":{"loc":{"start":{"line":30,"column":12},"end":{"line":30,"column":50}},"type":"cond-expr","locations":[{"start":{"line":30,"column":30},"end":{"line":30,"column":31}},{"start":{"line":30,"column":35},"end":{"line":30,"column":49}}],"line":30},"6":{"loc":{"start":{"line":32,"column":2},"end":{"line":34,"column":3}},"type":"if","locations":[{"start":{"line":32,"column":2},"end":{"line":34,"column":3}},{"start":{},"end":{}}],"line":32},"7":{"loc":{"start":{"line":35,"column":11},"end":{"line":35,"column":50}},"type":"cond-expr","locations":[{"start":{"line":35,"column":25},"end":{"line":35,"column":26}},{"start":{"line":35,"column":30},"end":{"line":35,"column":49}}],"line":35}},"s":{"0":0,"1":0,"2":0,"3":0,"4":0,"5":0,"6":0,"7":0,"8":0,"9":0,"10":0,"11":0,"12":0,"13":0,"14":0,"15":0},"f":{"0":0},"b":{"0":[0,0],"1":[0,0],"2":[0,0],"3":[0,0],"4":[0,0],"5":[0,0],"6":[0,0],"7":[0,0]},"_coverageSchema":"1a1c01bbd47fc00a2c39e90264f33305004495a9","hash":"bfdd59d3f61c48a6e29cc3750c2f322c71b26bbc"}
,"/Users/owengossen/Desktop/School/COMP/COMP.SE.200/COMP.SE.200-2023-2024-2/src/toString.js": {"path":"/Users/owengossen/Desktop/School/COMP/COMP.SE.200/COMP.SE.200-2023-2024-2/src/toString.js","statementMap":{"0":{"start":{"line":4,"column":17},"end":{"line":4,"column":22}},"1":{"start":{"line":28,"column":2},"end":{"line":30,"column":3}},"2":{"start":{"line":29,"column":4},"end":{"line":29,"column":16}},"3":{"start":{"line":31,"column":2},"end":{"line":34,"column":3}},"4":{"start":{"line":33,"column":4},"end":{"line":33,"column":77}},"5":{"start":{"line":33,"column":35},"end":{"line":33,"column":74}},"6":{"start":{"line":35,"column":2},"end":{"line":37,"column":3}},"7":{"start":{"line":36,"column":4},"end":{"line":36,"column":27}},"8":{"start":{"line":38,"column":17},"end":{"line":38,"column":27}},"9":{"start":{"line":39,"column":2},"end":{"line":39,"column":68}}},"fnMap":{"0":{"name":"toString","decl":{"start":{"line":25,"column":9},"end":{"line":25,"column":17}},"loc":{"start":{"line":25,"column":25},"end":{"line":40,"column":1}},"line":25},"1":{"name":"(anonymous_1)","decl":{"start":{"line":33,"column":24},"end":{"line":33,"column":25}},"loc":{"start":{"line":33,"column":35},"end":{"line":33,"column":74}},"line":33}},"branchMap":{"0":{"loc":{"start":{"line":28,"column":2},"end":{"line":30,"column":3}},"type":"if","locations":[{"start":{"line":28,"column":2},"end":{"line":30,"column":3}},{"start":{},"end":{}}],"line":28},"1":{"loc":{"start":{"line":31,"column":2},"end":{"line":34,"column":3}},"type":"if","locations":[{"start":{"line":31,"column":2},"end":{"line":34,"column":3}},{"start":{},"end":{}}],"line":31},"2":{"loc":{"start":{"line":33,"column":35},"end":{"line":33,"column":74}},"type":"cond-expr","locations":[{"start":{"line":33,"column":51},"end":{"line":33,"column":56}},{"start":{"line":33,"column":59},"end":{"line":33,"column":74}}],"line":33},"3":{"loc":{"start":{"line":35,"column":2},"end":{"line":37,"column":3}},"type":"if","locations":[{"start":{"line":35,"column":2},"end":{"line":37,"column":3}},{"start":{},"end":{}}],"line":35},"4":{"loc":{"start":{"line":39,"column":9},"end":{"line":39,"column":68}},"type":"cond-expr","locations":[{"start":{"line":39,"column":55},"end":{"line":39,"column":59}},{"start":{"line":39,"column":62},"end":{"line":39,"column":68}}],"line":39},"5":{"loc":{"start":{"line":39,"column":10},"end":{"line":39,"column":51}},"type":"binary-expr","locations":[{"start":{"line":39,"column":10},"end":{"line":39,"column":23}},{"start":{"line":39,"column":27},"end":{"line":39,"column":51}}],"line":39}},"s":{"0":2,"1":39,"2":14,"3":25,"4":7,"5":14,"6":18,"7":1,"8":17,"9":17},"f":{"0":39,"1":14},"b":{"0":[14,25],"1":[7,18],"2":[2,12],"3":[1,17],"4":[1,16],"5":[17,1]},"_coverageSchema":"1a1c01bbd47fc00a2c39e90264f33305004495a9","hash":"18dc795f693206733a523118dbc52bf355ff5092"}
,"/Users/owengossen/Desktop/School/COMP/COMP.SE.200/COMP.SE.200-2023-2024-2/src/upperFirst.js": {"path":"/Users/owengossen/Desktop/School/COMP/COMP.SE.200/COMP.SE.200-2023-2024-2/src/upperFirst.js","statementMap":{"0":{"start":{"line":19,"column":19},"end":{"line":19,"column":49}}},"fnMap":{},"branchMap":{},"s":{"0":2},"f":{},"b":{},"_coverageSchema":"1a1c01bbd47fc00a2c39e90264f33305004495a9","hash":"b36cd3b71fb75164366bdbaa15cad399c1b0f0ae"}
,"/Users/owengossen/Desktop/School/COMP/COMP.SE.200/COMP.SE.200-2023-2024-2/src/words.js": {"path":"/Users/owengossen/Desktop/School/COMP/COMP.SE.200/COMP.SE.200-2023-2024-2/src/words.js","statementMap":{"0":{"start":{"line":3,"column":23},"end":{"line":5,"column":1}},"1":{"start":{"line":8,"column":20},"end":{"line":8,"column":63}},"2":{"start":{"line":11,"column":2},"end":{"line":11,"column":34}},"3":{"start":{"line":31,"column":2},"end":{"line":34,"column":3}},"4":{"start":{"line":32,"column":19},"end":{"line":32,"column":85}},"5":{"start":{"line":33,"column":4},"end":{"line":33,"column":23}},"6":{"start":{"line":35,"column":2},"end":{"line":35,"column":36}}},"fnMap":{"0":{"name":"asciiWords","decl":{"start":{"line":10,"column":9},"end":{"line":10,"column":19}},"loc":{"start":{"line":10,"column":28},"end":{"line":12,"column":1}},"line":10},"1":{"name":"words","decl":{"start":{"line":30,"column":9},"end":{"line":30,"column":14}},"loc":{"start":{"line":30,"column":32},"end":{"line":36,"column":1}},"line":30}},"branchMap":{"0":{"loc":{"start":{"line":31,"column":2},"end":{"line":34,"column":3}},"type":"if","locations":[{"start":{"line":31,"column":2},"end":{"line":34,"column":3}},{"start":{},"end":{}}],"line":31},"1":{"loc":{"start":{"line":32,"column":19},"end":{"line":32,"column":85}},"type":"cond-expr","locations":[{"start":{"line":32,"column":44},"end":{"line":32,"column":64}},{"start":{"line":32,"column":67},"end":{"line":32,"column":85}}],"line":32},"2":{"loc":{"start":{"line":33,"column":11},"end":{"line":33,"column":23}},"type":"binary-expr","locations":[{"start":{"line":33,"column":11},"end":{"line":33,"column":17}},{"start":{"line":33,"column":21},"end":{"line":33,"column":23}}],"line":33},"3":{"loc":{"start":{"line":35,"column":9},"end":{"line":35,"column":36}},"type":"binary-expr","locations":[{"start":{"line":35,"column":9},"end":{"line":35,"column":30}},{"start":{"line":35,"column":34},"end":{"line":35,"column":36}}],"line":35}},"s":{"0":1,"1":1,"2":3,"3":10,"4":10,"5":10,"6":0},"f":{"0":3,"1":10},"b":{"0":[10,0],"1":[7,3],"2":[10,0],"3":[0,0]},"_coverageSchema":"1a1c01bbd47fc00a2c39e90264f33305004495a9","hash":"ef4def30550cd50365f7875f4df5a5ccd3033650"}
,"/Users/owengossen/Desktop/School/COMP/COMP.SE.200/COMP.SE.200-2023-2024-2/src/.internal/asciiToArray.js": {"path":"/Users/owengossen/Desktop/School/COMP/COMP.SE.200/COMP.SE.200-2023-2024-2/src/.internal/asciiToArray.js","statementMap":{"0":{"start":{"line":9,"column":2},"end":{"line":9,"column":25}}},"fnMap":{"0":{"name":"asciiToArray","decl":{"start":{"line":8,"column":9},"end":{"line":8,"column":21}},"loc":{"start":{"line":8,"column":30},"end":{"line":10,"column":1}},"line":8}},"branchMap":{},"s":{"0":0},"f":{"0":0},"b":{},"_coverageSchema":"1a1c01bbd47fc00a2c39e90264f33305004495a9","hash":"ebc52cb729c1b9272e474684c454ede1af606baf"}
,"/Users/owengossen/Desktop/School/COMP/COMP.SE.200/COMP.SE.200-2023-2024-2/src/.internal/baseGet.js": {"path":"/Users/owengossen/Desktop/School/COMP/COMP.SE.200/COMP.SE.200-2023-2024-2/src/.internal/baseGet.js","statementMap":{"0":{"start":{"line":13,"column":2},"end":{"line":13,"column":31}},"1":{"start":{"line":15,"column":14},"end":{"line":15,"column":15}},"2":{"start":{"line":16,"column":17},"end":{"line":16,"column":28}},"3":{"start":{"line":18,"column":2},"end":{"line":20,"column":3}},"4":{"start":{"line":19,"column":4},"end":{"line":19,"column":41}},"5":{"start":{"line":21,"column":2},"end":{"line":21,"column":56}}},"fnMap":{"0":{"name":"baseGet","decl":{"start":{"line":12,"column":9},"end":{"line":12,"column":16}},"loc":{"start":{"line":12,"column":31},"end":{"line":22,"column":1}},"line":12}},"branchMap":{"0":{"loc":{"start":{"line":18,"column":9},"end":{"line":18,"column":41}},"type":"binary-expr","locations":[{"start":{"line":18,"column":9},"end":{"line":18,"column":23}},{"start":{"line":18,"column":27},"end":{"line":18,"column":41}}],"line":18},"1":{"loc":{"start":{"line":21,"column":9},"end":{"line":21,"column":56}},"type":"cond-expr","locations":[{"start":{"line":21,"column":38},"end":{"line":21,"column":44}},{"start":{"line":21,"column":47},"end":{"line":21,"column":56}}],"line":21},"2":{"loc":{"start":{"line":21,"column":10},"end":{"line":21,"column":34}},"type":"binary-expr","locations":[{"start":{"line":21,"column":10},"end":{"line":21,"column":15}},{"start":{"line":21,"column":19},"end":{"line":21,"column":34}}],"line":21}},"s":{"0":5,"1":5,"2":5,"3":5,"4":19,"5":5},"f":{"0":5},"b":{"0":[24,22],"1":[4,1],"2":[5,5]},"_coverageSchema":"1a1c01bbd47fc00a2c39e90264f33305004495a9","hash":"0facd5eea1866918fffb04dae327272da5dc4dbd"}
,"/Users/owengossen/Desktop/School/COMP/COMP.SE.200/COMP.SE.200-2023-2024-2/src/.internal/castPath.js": {"path":"/Users/owengossen/Desktop/School/COMP/COMP.SE.200/COMP.SE.200-2023-2024-2/src/.internal/castPath.js","statementMap":{"0":{"start":{"line":13,"column":2},"end":{"line":15,"column":3}},"1":{"start":{"line":14,"column":4},"end":{"line":14,"column":16}},"2":{"start":{"line":16,"column":2},"end":{"line":16,"column":61}}},"fnMap":{"0":{"name":"castPath","decl":{"start":{"line":12,"column":9},"end":{"line":12,"column":17}},"loc":{"start":{"line":12,"column":33},"end":{"line":17,"column":1}},"line":12}},"branchMap":{"0":{"loc":{"start":{"line":13,"column":2},"end":{"line":15,"column":3}},"type":"if","locations":[{"start":{"line":13,"column":2},"end":{"line":15,"column":3}},{"start":{},"end":{}}],"line":13},"1":{"loc":{"start":{"line":16,"column":9},"end":{"line":16,"column":61}},"type":"cond-expr","locations":[{"start":{"line":16,"column":32},"end":{"line":16,"column":39}},{"start":{"line":16,"column":42},"end":{"line":16,"column":61}}],"line":16}},"s":{"0":5,"1":2,"2":3},"f":{"0":5},"b":{"0":[2,3],"1":[0,3]},"_coverageSchema":"1a1c01bbd47fc00a2c39e90264f33305004495a9","hash":"3e749558eeca8f8df2c0bae1e9a716d64ed770a9"}
,"/Users/owengossen/Desktop/School/COMP/COMP.SE.200/COMP.SE.200-2023-2024-2/src/.internal/castSlice.js": {"path":"/Users/owengossen/Desktop/School/COMP/COMP.SE.200/COMP.SE.200-2023-2024-2/src/.internal/castSlice.js","statementMap":{"0":{"start":{"line":13,"column":21},"end":{"line":13,"column":26}},"1":{"start":{"line":14,"column":2},"end":{"line":14,"column":40}},"2":{"start":{"line":15,"column":2},"end":{"line":15,"column":69}}},"fnMap":{"0":{"name":"castSlice","decl":{"start":{"line":12,"column":9},"end":{"line":12,"column":18}},"loc":{"start":{"line":12,"column":38},"end":{"line":16,"column":1}},"line":12}},"branchMap":{"0":{"loc":{"start":{"line":14,"column":8},"end":{"line":14,"column":40}},"type":"cond-expr","locations":[{"start":{"line":14,"column":28},"end":{"line":14,"column":34}},{"start":{"line":14,"column":37},"end":{"line":14,"column":40}}],"line":14},"1":{"loc":{"start":{"line":15,"column":9},"end":{"line":15,"column":69}},"type":"cond-expr","locations":[{"start":{"line":15,"column":37},"end":{"line":15,"column":42}},{"start":{"line":15,"column":45},"end":{"line":15,"column":69}}],"line":15},"2":{"loc":{"start":{"line":15,"column":10},"end":{"line":15,"column":33}},"type":"binary-expr","locations":[{"start":{"line":15,"column":10},"end":{"line":15,"column":16}},{"start":{"line":15,"column":20},"end":{"line":15,"column":33}}],"line":15}},"s":{"0":0,"1":0,"2":0},"f":{"0":0},"b":{"0":[0,0],"1":[0,0],"2":[0,0]},"_coverageSchema":"1a1c01bbd47fc00a2c39e90264f33305004495a9","hash":"b6d8b607ddbe11a18d436052f54ab7bf965052e7"}
,"/Users/owengossen/Desktop/School/COMP/COMP.SE.200/COMP.SE.200-2023-2024-2/src/.internal/createCaseFirst.js": {"path":"/Users/owengossen/Desktop/School/COMP/COMP.SE.200/COMP.SE.200-2023-2024-2/src/.internal/createCaseFirst.js","statementMap":{"0":{"start":{"line":13,"column":2},"end":{"line":31,"column":3}},"1":{"start":{"line":14,"column":4},"end":{"line":16,"column":5}},"2":{"start":{"line":15,"column":6},"end":{"line":15,"column":15}},"3":{"start":{"line":18,"column":23},"end":{"line":20,"column":17}},"4":{"start":{"line":22,"column":16},"end":{"line":24,"column":17}},"5":{"start":{"line":26,"column":21},"end":{"line":28,"column":23}},"6":{"start":{"line":30,"column":4},"end":{"line":30,"column":39}}},"fnMap":{"0":{"name":"createCaseFirst","decl":{"start":{"line":12,"column":9},"end":{"line":12,"column":24}},"loc":{"start":{"line":12,"column":37},"end":{"line":32,"column":1}},"line":12},"1":{"name":"(anonymous_1)","decl":{"start":{"line":13,"column":9},"end":{"line":13,"column":10}},"loc":{"start":{"line":13,"column":21},"end":{"line":31,"column":3}},"line":13}},"branchMap":{"0":{"loc":{"start":{"line":14,"column":4},"end":{"line":16,"column":5}},"type":"if","locations":[{"start":{"line":14,"column":4},"end":{"line":16,"column":5}},{"start":{},"end":{}}],"line":14},"1":{"loc":{"start":{"line":18,"column":23},"end":{"line":20,"column":17}},"type":"cond-expr","locations":[{"start":{"line":19,"column":8},"end":{"line":19,"column":29}},{"start":{"line":20,"column":8},"end":{"line":20,"column":17}}],"line":18},"2":{"loc":{"start":{"line":22,"column":16},"end":{"line":24,"column":17}},"type":"cond-expr","locations":[{"start":{"line":23,"column":8},"end":{"line":23,"column":21}},{"start":{"line":24,"column":8},"end":{"line":24,"column":17}}],"line":22},"3":{"loc":{"start":{"line":26,"column":21},"end":{"line":28,"column":23}},"type":"cond-expr","locations":[{"start":{"line":27,"column":8},"end":{"line":27,"column":41}},{"start":{"line":28,"column":8},"end":{"line":28,"column":23}}],"line":26}},"s":{"0":2,"1":15,"2":1,"3":14,"4":14,"5":14,"6":14},"f":{"0":2,"1":15},"b":{"0":[1,14],"1":[0,14],"2":[0,14],"3":[0,14]},"_coverageSchema":"1a1c01bbd47fc00a2c39e90264f33305004495a9","hash":"964ed417f77b93f020c4836214399f06616bc096"}
,"/Users/owengossen/Desktop/School/COMP/COMP.SE.200/COMP.SE.200-2023-2024-2/src/.internal/getTag.js": {"path":"/Users/owengossen/Desktop/School/COMP/COMP.SE.200/COMP.SE.200-2023-2024-2/src/.internal/getTag.js","statementMap":{"0":{"start":{"line":1,"column":17},"end":{"line":1,"column":42}},"1":{"start":{"line":11,"column":2},"end":{"line":13,"column":3}},"2":{"start":{"line":12,"column":4},"end":{"line":12,"column":71}},"3":{"start":{"line":14,"column":2},"end":{"line":14,"column":29}}},"fnMap":{"0":{"name":"getTag","decl":{"start":{"line":10,"column":9},"end":{"line":10,"column":15}},"loc":{"start":{"line":10,"column":23},"end":{"line":15,"column":1}},"line":10}},"branchMap":{"0":{"loc":{"start":{"line":11,"column":2},"end":{"line":13,"column":3}},"type":"if","locations":[{"start":{"line":11,"column":2},"end":{"line":13,"column":3}},{"start":{},"end":{}}],"line":11},"1":{"loc":{"start":{"line":12,"column":11},"end":{"line":12,"column":71}},"type":"cond-expr","locations":[{"start":{"line":12,"column":33},"end":{"line":12,"column":53}},{"start":{"line":12,"column":56},"end":{"line":12,"column":71}}],"line":12}},"s":{"0":4,"1":5,"2":2,"3":3},"f":{"0":5},"b":{"0":[2,3],"1":[1,1]},"_coverageSchema":"1a1c01bbd47fc00a2c39e90264f33305004495a9","hash":"2a27a5b886823017fcda57474a7e60a5cc174d00"}
,"/Users/owengossen/Desktop/School/COMP/COMP.SE.200/COMP.SE.200-2023-2024-2/src/.internal/hasUnicode.js": {"path":"/Users/owengossen/Desktop/School/COMP/COMP.SE.200/COMP.SE.200-2023-2024-2/src/.internal/hasUnicode.js","statementMap":{"0":{"start":{"line":2,"column":22},"end":{"line":2,"column":39}},"1":{"start":{"line":3,"column":26},"end":{"line":3,"column":43}},"2":{"start":{"line":4,"column":30},"end":{"line":4,"column":47}},"3":{"start":{"line":5,"column":28},"end":{"line":5,"column":45}},"4":{"start":{"line":6,"column":34},"end":{"line":6,"column":51}},"5":{"start":{"line":7,"column":36},"end":{"line":7,"column":53}},"6":{"start":{"line":8,"column":21},"end":{"line":8,"column":142}},"7":{"start":{"line":9,"column":19},"end":{"line":9,"column":35}},"8":{"start":{"line":12,"column":14},"end":{"line":12,"column":23}},"9":{"start":{"line":15,"column":21},"end":{"line":15,"column":85}},"10":{"start":{"line":25,"column":2},"end":{"line":25,"column":34}}},"fnMap":{"0":{"name":"hasUnicode","decl":{"start":{"line":24,"column":9},"end":{"line":24,"column":19}},"loc":{"start":{"line":24,"column":28},"end":{"line":26,"column":1}},"line":24}},"branchMap":{},"s":{"0":2,"1":2,"2":2,"3":2,"4":2,"5":2,"6":2,"7":2,"8":2,"9":2,"10":14},"f":{"0":14},"b":{},"_coverageSchema":"1a1c01bbd47fc00a2c39e90264f33305004495a9","hash":"287858dcccf84a01e4d62f5c0bbf315bae955c28"}
,"/Users/owengossen/Desktop/School/COMP/COMP.SE.200/COMP.SE.200-2023-2024-2/src/.internal/isKey.js": {"path":"/Users/owengossen/Desktop/School/COMP/COMP.SE.200/COMP.SE.200-2023-2024-2/src/.internal/isKey.js","statementMap":{"0":{"start":{"line":4,"column":21},"end":{"line":4,"column":71}},"1":{"start":{"line":5,"column":22},"end":{"line":5,"column":29}},"2":{"start":{"line":16,"column":2},"end":{"line":18,"column":3}},"3":{"start":{"line":17,"column":4},"end":{"line":17,"column":16}},"4":{"start":{"line":19,"column":15},"end":{"line":19,"column":27}},"5":{"start":{"line":20,"column":2},"end":{"line":22,"column":3}},"6":{"start":{"line":21,"column":4},"end":{"line":21,"column":15}},"7":{"start":{"line":23,"column":2},"end":{"line":24,"column":47}}},"fnMap":{"0":{"name":"isKey","decl":{"start":{"line":15,"column":9},"end":{"line":15,"column":14}},"loc":{"start":{"line":15,"column":30},"end":{"line":25,"column":1}},"line":15}},"branchMap":{"0":{"loc":{"start":{"line":16,"column":2},"end":{"line":18,"column":3}},"type":"if","locations":[{"start":{"line":16,"column":2},"end":{"line":18,"column":3}},{"start":{},"end":{}}],"line":16},"1":{"loc":{"start":{"line":20,"column":2},"end":{"line":22,"column":3}},"type":"if","locations":[{"start":{"line":20,"column":2},"end":{"line":22,"column":3}},{"start":{},"end":{}}],"line":20},"2":{"loc":{"start":{"line":20,"column":6},"end":{"line":20,"column":81}},"type":"binary-expr","locations":[{"start":{"line":20,"column":6},"end":{"line":20,"column":23}},{"start":{"line":20,"column":27},"end":{"line":20,"column":45}},{"start":{"line":20,"column":49},"end":{"line":20,"column":62}},{"start":{"line":20,"column":66},"end":{"line":20,"column":81}}],"line":20},"3":{"loc":{"start":{"line":23,"column":9},"end":{"line":24,"column":47}},"type":"binary-expr","locations":[{"start":{"line":23,"column":9},"end":{"line":23,"column":34}},{"start":{"line":23,"column":38},"end":{"line":23,"column":63}},{"start":{"line":24,"column":5},"end":{"line":24,"column":19}},{"start":{"line":24,"column":23},"end":{"line":24,"column":46}}],"line":23}},"s":{"0":1,"1":1,"2":3,"3":0,"4":3,"5":3,"6":0,"7":3},"f":{"0":3},"b":{"0":[0,3],"1":[0,3],"2":[3,3,3,3],"3":[3,3,3,3]},"_coverageSchema":"1a1c01bbd47fc00a2c39e90264f33305004495a9","hash":"4768554bef54f342efc9b8de068ac9bec47ea128"}
,"/Users/owengossen/Desktop/School/COMP/COMP.SE.200/COMP.SE.200-2023-2024-2/src/.internal/memoizeCapped.js": {"path":"/Users/owengossen/Desktop/School/COMP/COMP.SE.200/COMP.SE.200-2023-2024-2/src/.internal/memoizeCapped.js","statementMap":{"0":{"start":{"line":4,"column":25},"end":{"line":4,"column":28}},"1":{"start":{"line":15,"column":17},"end":{"line":21,"column":4}},"2":{"start":{"line":16,"column":22},"end":{"line":16,"column":28}},"3":{"start":{"line":17,"column":4},"end":{"line":19,"column":5}},"4":{"start":{"line":18,"column":6},"end":{"line":18,"column":19}},"5":{"start":{"line":20,"column":4},"end":{"line":20,"column":14}},"6":{"start":{"line":23,"column":2},"end":{"line":23,"column":15}}},"fnMap":{"0":{"name":"memoizeCapped","decl":{"start":{"line":14,"column":9},"end":{"line":14,"column":22}},"loc":{"start":{"line":14,"column":29},"end":{"line":24,"column":1}},"line":14},"1":{"name":"(anonymous_1)","decl":{"start":{"line":15,"column":31},"end":{"line":15,"column":32}},"loc":{"start":{"line":15,"column":40},"end":{"line":21,"column":3}},"line":15}},"branchMap":{"0":{"loc":{"start":{"line":17,"column":4},"end":{"line":19,"column":5}},"type":"if","locations":[{"start":{"line":17,"column":4},"end":{"line":19,"column":5}},{"start":{},"end":{}}],"line":17}},"s":{"0":1,"1":1,"2":3,"3":3,"4":0,"5":3,"6":1},"f":{"0":1,"1":3},"b":{"0":[0,3]},"_coverageSchema":"1a1c01bbd47fc00a2c39e90264f33305004495a9","hash":"b6904ba580d82738aa5abe1e6564a60dd3dd65e7"}
,"/Users/owengossen/Desktop/School/COMP/COMP.SE.200/COMP.SE.200-2023-2024-2/src/.internal/stringToArray.js": {"path":"/Users/owengossen/Desktop/School/COMP/COMP.SE.200/COMP.SE.200-2023-2024-2/src/.internal/stringToArray.js","statementMap":{"0":{"start":{"line":13,"column":2},"end":{"line":15,"column":26}}},"fnMap":{"0":{"name":"stringToArray","decl":{"start":{"line":12,"column":9},"end":{"line":12,"column":22}},"loc":{"start":{"line":12,"column":31},"end":{"line":16,"column":1}},"line":12}},"branchMap":{"0":{"loc":{"start":{"line":13,"column":9},"end":{"line":15,"column":26}},"type":"cond-expr","locations":[{"start":{"line":14,"column":6},"end":{"line":14,"column":28}},{"start":{"line":15,"column":6},"end":{"line":15,"column":26}}],"line":13}},"s":{"0":0},"f":{"0":0},"b":{"0":[0,0]},"_coverageSchema":"1a1c01bbd47fc00a2c39e90264f33305004495a9","hash":"338834869c4119a2858a6a9c7c8572ea93a50644"}
,"/Users/owengossen/Desktop/School/COMP/COMP.SE.200/COMP.SE.200-2023-2024-2/src/.internal/stringToPath.js": {"path":"/Users/owengossen/Desktop/School/COMP/COMP.SE.200/COMP.SE.200-2023-2024-2/src/.internal/stringToPath.js","statementMap":{"0":{"start":{"line":3,"column":22},"end":{"line":3,"column":39}},"1":{"start":{"line":4,"column":21},"end":{"line":4,"column":31}},"2":{"start":{"line":5,"column":19},"end":{"line":17,"column":8}},"3":{"start":{"line":26,"column":21},"end":{"line":42,"column":2}},"4":{"start":{"line":27,"column":17},"end":{"line":27,"column":19}},"5":{"start":{"line":28,"column":2},"end":{"line":30,"column":3}},"6":{"start":{"line":29,"column":4},"end":{"line":29,"column":19}},"7":{"start":{"line":31,"column":2},"end":{"line":40,"column":4}},"8":{"start":{"line":32,"column":14},"end":{"line":32,"column":19}},"9":{"start":{"line":33,"column":4},"end":{"line":38,"column":5}},"10":{"start":{"line":34,"column":6},"end":{"line":34,"column":49}},"11":{"start":{"line":36,"column":9},"end":{"line":38,"column":5}},"12":{"start":{"line":37,"column":6},"end":{"line":37,"column":29}},"13":{"start":{"line":39,"column":4},"end":{"line":39,"column":20}},"14":{"start":{"line":41,"column":2},"end":{"line":41,"column":15}}},"fnMap":{"0":{"name":"(anonymous_0)","decl":{"start":{"line":26,"column":35},"end":{"line":26,"column":36}},"loc":{"start":{"line":26,"column":47},"end":{"line":42,"column":1}},"line":26},"1":{"name":"(anonymous_1)","decl":{"start":{"line":31,"column":29},"end":{"line":31,"column":30}},"loc":{"start":{"line":31,"column":70},"end":{"line":40,"column":3}},"line":31}},"branchMap":{"0":{"loc":{"start":{"line":28,"column":2},"end":{"line":30,"column":3}},"type":"if","locations":[{"start":{"line":28,"column":2},"end":{"line":30,"column":3}},{"start":{},"end":{}}],"line":28},"1":{"loc":{"start":{"line":33,"column":4},"end":{"line":38,"column":5}},"type":"if","locations":[{"start":{"line":33,"column":4},"end":{"line":38,"column":5}},{"start":{"line":36,"column":9},"end":{"line":38,"column":5}}],"line":33},"2":{"loc":{"start":{"line":36,"column":9},"end":{"line":38,"column":5}},"type":"if","locations":[{"start":{"line":36,"column":9},"end":{"line":38,"column":5}},{"start":{},"end":{}}],"line":36}},"s":{"0":1,"1":1,"2":1,"3":1,"4":2,"5":2,"6":0,"7":2,"8":7,"9":7,"10":0,"11":7,"12":1,"13":7,"14":2},"f":{"0":2,"1":7},"b":{"0":[0,2],"1":[0,7],"2":[1,6]},"_coverageSchema":"1a1c01bbd47fc00a2c39e90264f33305004495a9","hash":"3bd7b35371eec29ce4b88b07f1e74107b40b1c5f"}
,"/Users/owengossen/Desktop/School/COMP/COMP.SE.200/COMP.SE.200-2023-2024-2/src/.internal/toKey.js": {"path":"/Users/owengossen/Desktop/School/COMP/COMP.SE.200/COMP.SE.200-2023-2024-2/src/.internal/toKey.js","statementMap":{"0":{"start":{"line":4,"column":17},"end":{"line":4,"column":22}},"1":{"start":{"line":14,"column":2},"end":{"line":16,"column":3}},"2":{"start":{"line":15,"column":4},"end":{"line":15,"column":16}},"3":{"start":{"line":17,"column":17},"end":{"line":17,"column":27}},"4":{"start":{"line":18,"column":2},"end":{"line":18,"column":68}}},"fnMap":{"0":{"name":"toKey","decl":{"start":{"line":13,"column":9},"end":{"line":13,"column":14}},"loc":{"start":{"line":13,"column":22},"end":{"line":19,"column":1}},"line":13}},"branchMap":{"0":{"loc":{"start":{"line":14,"column":2},"end":{"line":16,"column":3}},"type":"if","locations":[{"start":{"line":14,"column":2},"end":{"line":16,"column":3}},{"start":{},"end":{}}],"line":14},"1":{"loc":{"start":{"line":14,"column":6},"end":{"line":14,"column":50}},"type":"binary-expr","locations":[{"start":{"line":14,"column":6},"end":{"line":14,"column":31}},{"start":{"line":14,"column":35},"end":{"line":14,"column":50}}],"line":14},"2":{"loc":{"start":{"line":18,"column":9},"end":{"line":18,"column":68}},"type":"cond-expr","locations":[{"start":{"line":18,"column":55},"end":{"line":18,"column":59}},{"start":{"line":18,"column":62},"end":{"line":18,"column":68}}],"line":18},"3":{"loc":{"start":{"line":18,"column":10},"end":{"line":18,"column":51}},"type":"binary-expr","locations":[{"start":{"line":18,"column":10},"end":{"line":18,"column":23}},{"start":{"line":18,"column":27},"end":{"line":18,"column":51}}],"line":18}},"s":{"0":1,"1":19,"2":19,"3":0,"4":0},"f":{"0":19},"b":{"0":[19,0],"1":[19,0],"2":[0,0],"3":[0,0]},"_coverageSchema":"1a1c01bbd47fc00a2c39e90264f33305004495a9","hash":"bf0d0cb17c28047faa1256b3d9943765ef25fdca"}
,"/Users/owengossen/Desktop/School/COMP/COMP.SE.200/COMP.SE.200-2023-2024-2/src/.internal/unicodeToArray.js": {"path":"/Users/owengossen/Desktop/School/COMP/COMP.SE.200/COMP.SE.200-2023-2024-2/src/.internal/unicodeToArray.js","statementMap":{"0":{"start":{"line":2,"column":22},"end":{"line":2,"column":39}},"1":{"start":{"line":3,"column":26},"end":{"line":3,"column":43}},"2":{"start":{"line":4,"column":30},"end":{"line":4,"column":47}},"3":{"start":{"line":5,"column":28},"end":{"line":5,"column":45}},"4":{"start":{"line":6,"column":34},"end":{"line":6,"column":51}},"5":{"start":{"line":7,"column":36},"end":{"line":7,"column":53}},"6":{"start":{"line":8,"column":21},"end":{"line":8,"column":142}},"7":{"start":{"line":9,"column":19},"end":{"line":9,"column":35}},"8":{"start":{"line":12,"column":17},"end":{"line":12,"column":37}},"9":{"start":{"line":13,"column":16},"end":{"line":13,"column":35}},"10":{"start":{"line":14,"column":15},"end":{"line":14,"column":41}},"11":{"start":{"line":15,"column":19},"end":{"line":15,"column":45}},"12":{"start":{"line":16,"column":20},"end":{"line":16,"column":41}},"13":{"start":{"line":17,"column":19},"end":{"line":17,"column":52}},"14":{"start":{"line":18,"column":19},"end":{"line":18,"column":55}},"15":{"start":{"line":19,"column":14},"end":{"line":19,"column":23}},"16":{"start":{"line":22,"column":17},"end":{"line":22,"column":33}},"17":{"start":{"line":23,"column":17},"end":{"line":23,"column":35}},"18":{"start":{"line":24,"column":18},"end":{"line":24,"column":109}},"19":{"start":{"line":25,"column":14},"end":{"line":25,"column":45}},"20":{"start":{"line":26,"column":25},"end":{"line":26,"column":52}},"21":{"start":{"line":27,"column":17},"end":{"line":27,"column":97}},"22":{"start":{"line":30,"column":18},"end":{"line":30,"column":75}},"23":{"start":{"line":40,"column":2},"end":{"line":40,"column":38}}},"fnMap":{"0":{"name":"unicodeToArray","decl":{"start":{"line":39,"column":9},"end":{"line":39,"column":23}},"loc":{"start":{"line":39,"column":32},"end":{"line":41,"column":1}},"line":39}},"branchMap":{"0":{"loc":{"start":{"line":40,"column":9},"end":{"line":40,"column":38}},"type":"binary-expr","locations":[{"start":{"line":40,"column":9},"end":{"line":40,"column":32}},{"start":{"line":40,"column":36},"end":{"line":40,"column":38}}],"line":40}},"s":{"0":2,"1":2,"2":2,"3":2,"4":2,"5":2,"6":2,"7":2,"8":2,"9":2,"10":2,"11":2,"12":2,"13":2,"14":2,"15":2,"16":2,"17":2,"18":2,"19":2,"20":2,"21":2,"22":2,"23":0},"f":{"0":0},"b":{"0":[0,0]},"_coverageSchema":"1a1c01bbd47fc00a2c39e90264f33305004495a9","hash":"1e9836d69fdc9f6e418501413deaaedf14c44d83"}
,"/Users/owengossen/Desktop/School/COMP/COMP.SE.200/COMP.SE.200-2023-2024-2/src/.internal/unicodeWords.js": {"path":"/Users/owengossen/Desktop/School/COMP/COMP.SE.200/COMP.SE.200-2023-2024-2/src/.internal/unicodeWords.js","statementMap":{"0":{"start":{"line":2,"column":22},"end":{"line":2,"column":39}},"1":{"start":{"line":3,"column":26},"end":{"line":3,"column":43}},"2":{"start":{"line":4,"column":30},"end":{"line":4,"column":47}},"3":{"start":{"line":5,"column":28},"end":{"line":5,"column":45}},"4":{"start":{"line":6,"column":34},"end":{"line":6,"column":51}},"5":{"start":{"line":7,"column":36},"end":{"line":7,"column":53}},"6":{"start":{"line":8,"column":21},"end":{"line":8,"column":142}},"7":{"start":{"line":9,"column":23},"end":{"line":9,"column":40}},"8":{"start":{"line":10,"column":21},"end":{"line":10,"column":48}},"9":{"start":{"line":11,"column":22},"end":{"line":11,"column":44}},"10":{"start":{"line":12,"column":23},"end":{"line":12,"column":69}},"11":{"start":{"line":13,"column":27},"end":{"line":13,"column":44}},"12":{"start":{"line":14,"column":21},"end":{"line":14,"column":179}},"13":{"start":{"line":15,"column":21},"end":{"line":15,"column":48}},"14":{"start":{"line":16,"column":19},"end":{"line":16,"column":35}},"15":{"start":{"line":17,"column":21},"end":{"line":17,"column":87}},"16":{"start":{"line":20,"column":15},"end":{"line":20,"column":26}},"17":{"start":{"line":21,"column":16},"end":{"line":21,"column":35}},"18":{"start":{"line":22,"column":16},"end":{"line":22,"column":35}},"19":{"start":{"line":23,"column":16},"end":{"line":23,"column":21}},"20":{"start":{"line":24,"column":18},"end":{"line":24,"column":39}},"21":{"start":{"line":25,"column":16},"end":{"line":25,"column":35}},"22":{"start":{"line":26,"column":15},"end":{"line":26,"column":108}},"23":{"start":{"line":27,"column":15},"end":{"line":27,"column":41}},"24":{"start":{"line":28,"column":19},"end":{"line":28,"column":45}},"25":{"start":{"line":29,"column":20},"end":{"line":29,"column":41}},"26":{"start":{"line":30,"column":19},"end":{"line":30,"column":52}},"27":{"start":{"line":31,"column":19},"end":{"line":31,"column":55}},"28":{"start":{"line":32,"column":16},"end":{"line":32,"column":35}},"29":{"start":{"line":33,"column":14},"end":{"line":33,"column":23}},"30":{"start":{"line":36,"column":20},"end":{"line":36,"column":46}},"31":{"start":{"line":37,"column":20},"end":{"line":37,"column":46}},"32":{"start":{"line":38,"column":24},"end":{"line":38,"column":60}},"33":{"start":{"line":39,"column":24},"end":{"line":39,"column":60}},"34":{"start":{"line":40,"column":17},"end":{"line":40,"column":33}},"35":{"start":{"line":41,"column":17},"end":{"line":41,"column":35}},"36":{"start":{"line":42,"column":18},"end":{"line":42,"column":109}},"37":{"start":{"line":43,"column":19},"end":{"line":43,"column":69}},"38":{"start":{"line":44,"column":19},"end":{"line":44,"column":69}},"39":{"start":{"line":45,"column":14},"end":{"line":45,"column":45}},"40":{"start":{"line":46,"column":16},"end":{"line":46,"column":78}},"41":{"start":{"line":48,"column":23},"end":{"line":57,"column":17}},"42":{"start":{"line":67,"column":2},"end":{"line":67,"column":37}}},"fnMap":{"0":{"name":"unicodeWords","decl":{"start":{"line":66,"column":9},"end":{"line":66,"column":21}},"loc":{"start":{"line":66,"column":30},"end":{"line":68,"column":1}},"line":66}},"branchMap":{},"s":{"0":1,"1":1,"2":1,"3":1,"4":1,"5":1,"6":1,"7":1,"8":1,"9":1,"10":1,"11":1,"12":1,"13":1,"14":1,"15":1,"16":1,"17":1,"18":1,"19":1,"20":1,"21":1,"22":1,"23":1,"24":1,"25":1,"26":1,"27":1,"28":1,"29":1,"30":1,"31":1,"32":1,"33":1,"34":1,"35":1,"36":1,"37":1,"38":1,"39":1,"40":1,"41":1,"42":7},"f":{"0":7},"b":{},"_coverageSchema":"1a1c01bbd47fc00a2c39e90264f33305004495a9","hash":"c275ef2a6d77c594b435f33145545766644dbff4"}
}
