TN:
SF:src/add.js
FN:16,(anonymous_0)
FNF:1
FNH:1
FNDA:7,(anonymous_0)
DA:16,7
LF:1
LH:1
BRF:0
BRH:0
end_of_record
TN:
SF:src/at.js
FN:19,(anonymous_0)
FNF:1
FNH:1
FNDA:7,(anonymous_0)
DA:19,7
LF:1
LH:1
BRF:0
BRH:0
end_of_record
TN:
SF:src/camelCase.js
FN:24,(anonymous_0)
FN:25,(anonymous_1)
FNF:2
FNH:2
FNDA:10,(anonymous_0)
FNDA:22,(anonymous_1)
DA:24,1
DA:25,10
DA:26,22
DA:27,22
LF:4
LH:4
BRDA:27,0,0,12
BRDA:27,0,1,10
BRF:2
BRH:2
end_of_record
TN:
SF:src/castArray.js
FN:33,castArray
FNF:1
FNH:1
FNDA:7,castArray
DA:34,7
DA:35,7
LF:2
LH:2
BRDA:35,0,0,1
BRDA:35,0,1,6
BRF:2
BRH:2
end_of_record
TN:
SF:src/filter.js
FN:24,filter
FNF:1
FNH:1
FNDA:3,filter
DA:25,3
DA:26,3
DA:27,3
DA:28,3
DA:30,3
DA:31,9
DA:32,9
DA:33,4
DA:36,3
LF:9
LH:9
BRDA:27,0,0,0
BRDA:27,0,1,3
BRDA:32,1,0,4
BRDA:32,1,1,5
BRF:4
BRH:3
end_of_record
TN:
SF:src/get.js
FN:27,get
FNF:1
FNH:1
FNDA:11,get
DA:28,11
DA:29,11
LF:2
LH:2
BRDA:28,0,0,0
BRDA:28,0,1,11
BRDA:29,1,0,3
BRDA:29,1,1,8
BRF:4
BRH:3
end_of_record
TN:
SF:src/isArguments.js
FN:19,isArguments
FNF:1
FNH:1
FNDA:3,isArguments
DA:20,3
LF:1
LH:1
BRDA:20,0,0,3
BRDA:20,0,1,0
BRF:2
BRH:1
end_of_record
TN:
SF:src/isBoolean.js
FN:19,isBoolean
FNF:1
FNH:1
FNDA:10,isBoolean
DA:20,10
LF:1
LH:1
BRDA:20,0,0,10
BRDA:20,0,1,9
BRDA:20,0,2,8
BRDA:20,0,3,5
BRF:4
BRH:4
end_of_record
TN:
SF:src/isLength.js
FN:28,isLength
FNF:1
FNH:1
FNDA:18,isLength
DA:2,1
DA:29,18
LF:2
LH:2
BRDA:29,0,0,18
BRDA:29,0,1,9
BRDA:29,0,2,7
BRDA:29,0,3,4
BRF:4
BRH:4
end_of_record
TN:
SF:src/isObjectLike.js
FN:23,isObjectLike
FNF:1
FNH:1
FNDA:11,isObjectLike
DA:24,11
LF:1
LH:1
BRDA:24,0,0,11
BRDA:24,0,1,6
BRF:2
BRH:2
end_of_record
TN:
SF:src/isSymbol.js
FN:18,isSymbol
FNF:1
FNH:1
FNDA:27,isSymbol
DA:19,27
DA:20,27
LF:2
LH:2
BRDA:20,0,0,27
BRDA:20,0,1,26
BRDA:20,0,2,2
BRDA:20,0,3,1
BRF:4
BRH:4
end_of_record
TN:
SF:src/map.js
FN:19,map
FNF:1
FNH:1
FNDA:2,map
DA:20,2
DA:21,2
DA:22,2
DA:24,2
DA:25,4
DA:27,2
LF:6
LH:6
BRDA:21,0,0,0
BRDA:21,0,1,2
BRF:2
BRH:1
end_of_record
TN:
SF:src/memoize.js
FN:43,memoize
FN:47,(anonymous_1)
FNF:2
FNH:2
FNDA:1,memoize
FNDA:5,(anonymous_1)
DA:44,1
DA:45,0
DA:47,1
DA:48,5
DA:49,5
DA:51,5
DA:52,0
DA:54,5
DA:55,5
DA:56,5
DA:58,1
DA:59,1
DA:62,1
LF:13
LH:11
BRDA:44,0,0,0
BRDA:44,0,1,1
BRDA:44,1,0,1
BRDA:44,1,1,1
BRDA:44,1,2,1
BRDA:48,2,0,5
BRDA:48,2,1,0
BRDA:51,3,0,0
BRDA:51,3,1,5
BRDA:55,4,0,5
BRDA:55,4,1,0
BRDA:58,5,0,1
BRDA:58,5,1,0
BRF:13
BRH:8
end_of_record
TN:
SF:src/slice.js
FN:21,slice
FNF:1
FNH:0
FNDA:0,slice
DA:22,0
DA:23,0
DA:24,0
DA:26,0
DA:27,0
DA:29,0
DA:30,0
DA:32,0
DA:33,0
DA:35,0
DA:36,0
DA:38,0
DA:39,0
DA:40,0
DA:41,0
DA:43,0
LF:16
LH:0
BRDA:22,0,0,0
BRDA:22,0,1,0
BRDA:23,1,0,0
BRDA:23,1,1,0
BRDA:26,2,0,0
BRDA:26,2,1,0
BRDA:27,3,0,0
BRDA:27,3,1,0
BRDA:29,4,0,0
BRDA:29,4,1,0
BRDA:30,5,0,0
BRDA:30,5,1,0
BRDA:32,6,0,0
BRDA:32,6,1,0
BRDA:35,7,0,0
BRDA:35,7,1,0
BRF:16
BRH:0
end_of_record
TN:
SF:src/toString.js
FN:25,toString
FN:33,(anonymous_1)
FNF:2
FNH:2
FNDA:39,toString
FNDA:14,(anonymous_1)
DA:4,2
DA:28,39
DA:29,14
DA:31,25
DA:33,14
DA:35,18
DA:36,1
DA:38,17
DA:39,17
LF:9
LH:9
BRDA:28,0,0,14
BRDA:28,0,1,25
BRDA:31,1,0,7
BRDA:31,1,1,18
BRDA:33,2,0,2
BRDA:33,2,1,12
BRDA:35,3,0,1
BRDA:35,3,1,17
BRDA:39,4,0,1
BRDA:39,4,1,16
BRDA:39,5,0,17
BRDA:39,5,1,1
BRF:12
BRH:12
end_of_record
TN:
SF:src/upperFirst.js
FNF:0
FNH:0
DA:19,2
LF:1
LH:1
BRF:0
BRH:0
end_of_record
TN:
SF:src/words.js
FN:10,asciiWords
FN:30,words
FNF:2
FNH:2
FNDA:3,asciiWords
FNDA:10,words
DA:3,1
DA:8,1
DA:11,3
DA:31,10
DA:32,10
DA:33,10
DA:35,0
LF:7
LH:6
BRDA:31,0,0,10
BRDA:31,0,1,0
BRDA:32,1,0,7
BRDA:32,1,1,3
BRDA:33,2,0,10
BRDA:33,2,1,0
BRDA:35,3,0,0
BRDA:35,3,1,0
BRF:8
BRH:4
end_of_record
TN:
SF:src/.internal/asciiToArray.js
FN:8,asciiToArray
FNF:1
FNH:0
FNDA:0,asciiToArray
DA:9,0
LF:1
LH:0
BRF:0
BRH:0
end_of_record
TN:
SF:src/.internal/baseAt.js
FN:11,baseAt
FNF:1
FNH:1
FNDA:7,baseAt
DA:12,7
DA:13,7
DA:14,7
DA:15,7
DA:17,7
DA:18,9
DA:20,7
LF:7
LH:7
BRDA:18,0,0,0
BRDA:18,0,1,9
BRF:2
BRH:1
end_of_record
TN:
SF:src/.internal/baseFlatten.js
FN:14,baseFlatten
FNF:1
FNH:1
FNDA:7,baseFlatten
DA:15,7
DA:16,7
DA:18,7
DA:19,0
DA:22,7
DA:23,6
DA:24,3
DA:26,0
DA:28,3
DA:30,3
DA:31,3
DA:34,7
LF:12
LH:10
BRDA:15,0,0,7
BRDA:15,0,1,7
BRDA:16,1,0,7
BRDA:16,1,1,7
BRDA:18,2,0,0
BRDA:18,2,1,7
BRDA:23,3,0,3
BRDA:23,3,1,3
BRDA:23,4,0,6
BRDA:23,4,1,6
BRDA:24,5,0,0
BRDA:24,5,1,3
BRDA:30,6,0,3
BRDA:30,6,1,0
BRF:14
BRH:11
end_of_record
TN:
SF:src/.internal/baseGet.js
FN:12,baseGet
FNF:1
FNH:1
FNDA:9,baseGet
DA:13,9
DA:15,9
DA:16,9
DA:18,9
DA:19,16
DA:21,9
LF:6
LH:6
BRDA:18,0,0,25
BRDA:18,0,1,22
BRDA:21,1,0,7
BRDA:21,1,1,2
BRDA:21,2,0,9
BRDA:21,2,1,9
BRF:6
BRH:6
end_of_record
TN:
SF:src/.internal/baseToNumber.js
FN:14,baseToNumber
FNF:1
FNH:1
FNDA:14,baseToNumber
DA:4,1
DA:15,14
DA:16,14
DA:18,0
DA:19,0
DA:21,0
LF:6
LH:3
BRDA:15,0,0,14
BRDA:15,0,1,0
BRDA:18,1,0,0
BRDA:18,1,1,0
BRF:4
BRH:1
end_of_record
TN:
SF:src/.internal/baseToString.js
FN:17,baseToString
FNF:1
FNH:0
FNDA:0,baseToString
DA:4,1
DA:7,1
DA:19,0
DA:20,0
DA:22,0
DA:24,0
DA:26,0
DA:27,0
DA:29,0
DA:30,0
LF:10
LH:2
BRDA:19,0,0,0
BRDA:19,0,1,0
BRDA:22,1,0,0
BRDA:22,1,1,0
BRDA:26,2,0,0
BRDA:26,2,1,0
BRDA:27,3,0,0
BRDA:27,3,1,0
BRDA:30,4,0,0
BRDA:30,4,1,0
BRDA:30,5,0,0
BRDA:30,5,1,0
BRF:12
BRH:0
end_of_record
TN:
SF:src/.internal/castPath.js
FN:12,castPath
FNF:1
FNH:1
FNDA:9,castPath
DA:13,9
DA:14,0
DA:16,9
LF:3
LH:2
BRDA:13,0,0,0
BRDA:13,0,1,9
BRDA:16,1,0,4
BRDA:16,1,1,5
BRF:4
BRH:3
end_of_record
TN:
SF:src/.internal/castSlice.js
FN:12,castSlice
FNF:1
FNH:0
FNDA:0,castSlice
DA:13,0
DA:14,0
DA:15,0
LF:3
LH:0
BRDA:14,0,0,0
BRDA:14,0,1,0
BRDA:15,1,0,0
BRDA:15,1,1,0
BRDA:15,2,0,0
BRDA:15,2,1,0
BRF:6
BRH:0
end_of_record
TN:
SF:src/.internal/createCaseFirst.js
FN:12,createCaseFirst
FN:13,(anonymous_1)
FNF:2
FNH:2
FNDA:2,createCaseFirst
FNDA:15,(anonymous_1)
DA:13,2
DA:14,15
DA:15,1
DA:18,14
DA:22,14
DA:26,14
DA:30,14
LF:7
LH:7
BRDA:14,0,0,1
BRDA:14,0,1,14
BRDA:18,1,0,0
BRDA:18,1,1,14
BRDA:22,2,0,0
BRDA:22,2,1,14
BRDA:26,3,0,0
BRDA:26,3,1,14
BRF:8
BRH:5
end_of_record
TN:
SF:src/.internal/createMathOperation.js
FN:12,createMathOperation
FN:13,(anonymous_1)
FNF:2
FNH:2
FNDA:1,createMathOperation
FNDA:7,(anonymous_1)
DA:13,1
DA:14,7
DA:15,0
DA:17,7
DA:18,0
DA:20,7
DA:21,0
DA:23,7
DA:24,0
DA:25,0
DA:28,7
DA:29,7
DA:31,7
LF:13
LH:8
BRDA:14,0,0,0
BRDA:14,0,1,7
BRDA:14,1,0,7
BRDA:14,1,1,0
BRDA:17,2,0,0
BRDA:17,2,1,7
BRDA:17,3,0,7
BRDA:17,3,1,7
BRDA:20,4,0,0
BRDA:20,4,1,7
BRDA:20,5,0,7
BRDA:20,5,1,7
BRDA:23,6,0,0
BRDA:23,6,1,7
BRDA:23,7,0,7
BRDA:23,7,1,7
BRF:16
BRH:11
end_of_record
TN:
SF:src/.internal/getTag.js
FN:10,getTag
FNF:1
FNH:1
FNDA:6,getTag
DA:1,5
DA:11,6
DA:12,0
DA:14,6
LF:4
LH:3
BRDA:11,0,0,0
BRDA:11,0,1,6
BRDA:12,1,0,0
BRDA:12,1,1,0
BRF:4
BRH:1
end_of_record
TN:
SF:src/.internal/hasUnicode.js
FN:24,hasUnicode
FNF:1
FNH:1
FNDA:14,hasUnicode
DA:2,2
DA:3,2
DA:4,2
DA:5,2
DA:6,2
DA:7,2
DA:8,2
DA:9,2
DA:12,2
DA:15,2
DA:25,14
LF:11
LH:11
BRF:0
BRH:0
end_of_record
TN:
SF:src/.internal/isFlattenable.js
FN:13,isFlattenable
FNF:1
FNH:1
FNDA:6,isFlattenable
DA:4,1
DA:14,6
LF:2
LH:2
BRDA:14,0,0,6
BRDA:14,0,1,3
BRDA:14,0,2,3
BRDA:15,1,0,3
BRDA:15,1,1,3
BRF:5
BRH:5
end_of_record
TN:
SF:src/.internal/isKey.js
FN:15,isKey
FNF:1
FNH:1
FNDA:9,isKey
DA:4,1
DA:5,1
DA:16,9
DA:17,0
DA:19,9
DA:20,9
DA:21,3
DA:23,6
LF:8
LH:7
BRDA:16,0,0,0
BRDA:16,0,1,9
BRDA:20,1,0,3
BRDA:20,1,1,6
BRDA:20,2,0,9
BRDA:20,2,1,6
BRDA:20,2,2,6
BRDA:20,2,3,6
BRDA:23,3,0,6
BRDA:23,3,1,5
BRDA:23,3,2,5
BRDA:23,3,3,5
BRF:12
BRH:11
end_of_record
TN:
SF:src/.internal/memoizeCapped.js
FN:14,memoizeCapped
FN:15,(anonymous_1)
FNF:2
FNH:2
FNDA:1,memoizeCapped
FNDA:5,(anonymous_1)
DA:4,1
DA:15,1
DA:16,5
DA:17,5
DA:18,0
DA:20,5
DA:23,1
LF:7
LH:6
BRDA:17,0,0,0
BRDA:17,0,1,5
BRF:2
BRH:1
end_of_record
TN:
SF:src/.internal/stringToArray.js
FN:12,stringToArray
FNF:1
FNH:0
FNDA:0,stringToArray
DA:13,0
LF:1
LH:0
BRDA:13,0,0,0
BRDA:13,0,1,0
BRF:2
BRH:0
end_of_record
TN:
SF:src/.internal/stringToPath.js
FN:26,(anonymous_0)
FN:31,(anonymous_1)
FNF:2
FNH:2
FNDA:5,(anonymous_0)
FNDA:15,(anonymous_1)
DA:3,1
DA:4,1
DA:5,1
DA:26,1
DA:27,5
DA:28,5
DA:29,0
DA:31,5
DA:32,15
DA:33,15
DA:34,0
DA:36,15
DA:37,2
DA:39,15
DA:41,5
LF:15
LH:13
BRDA:28,0,0,0
BRDA:28,0,1,5
BRDA:33,1,0,0
BRDA:33,1,1,15
BRDA:36,2,0,2
BRDA:36,2,1,13
BRF:6
BRH:4
end_of_record
TN:
SF:src/.internal/toKey.js
FN:13,toKey
FNF:1
FNH:1
FNDA:16,toKey
DA:4,1
DA:14,16
DA:15,13
DA:17,3
DA:18,3
LF:5
LH:5
BRDA:14,0,0,13
BRDA:14,0,1,3
BRDA:14,1,0,16
BRDA:14,1,1,3
BRDA:18,2,0,0
BRDA:18,2,1,3
BRDA:18,3,0,3
BRDA:18,3,1,1
BRF:8
BRH:7
end_of_record
TN:
SF:src/.internal/unicodeToArray.js
FN:39,unicodeToArray
FNF:1
FNH:0
FNDA:0,unicodeToArray
DA:2,2
DA:3,2
DA:4,2
DA:5,2
DA:6,2
DA:7,2
DA:8,2
DA:9,2
DA:12,2
DA:13,2
DA:14,2
DA:15,2
DA:16,2
DA:17,2
DA:18,2
DA:19,2
DA:22,2
DA:23,2
DA:24,2
DA:25,2
DA:26,2
DA:27,2
DA:30,2
DA:40,0
LF:24
LH:23
BRDA:40,0,0,0
BRDA:40,0,1,0
BRF:2
BRH:0
end_of_record
TN:
SF:src/.internal/unicodeWords.js
FN:66,unicodeWords
FNF:1
FNH:1
FNDA:7,unicodeWords
DA:2,1
DA:3,1
DA:4,1
DA:5,1
DA:6,1
DA:7,1
DA:8,1
DA:9,1
DA:10,1
DA:11,1
DA:12,1
DA:13,1
DA:14,1
DA:15,1
DA:16,1
DA:17,1
DA:20,1
DA:21,1
DA:22,1
DA:23,1
DA:24,1
DA:25,1
DA:26,1
DA:27,1
DA:28,1
DA:29,1
DA:30,1
DA:31,1
DA:32,1
DA:33,1
DA:36,1
DA:37,1
DA:38,1
DA:39,1
DA:40,1
DA:41,1
DA:42,1
DA:43,1
DA:44,1
DA:45,1
DA:46,1
DA:48,1
DA:67,7
LF:43
LH:43
BRF:0
BRH:0
end_of_record
